<?xml version="1.0" encoding="UTF-8"?>
<coverage generated="1769003366776" clover="3.2.0">
  <project timestamp="1769003366776" name="All files">
    <metrics statements="6" coveredstatements="6" conditionals="0" coveredconditionals="0" methods="0" coveredmethods="0" elements="6" coveredelements="6" complexity="0" loc="6" ncloc="6" packages="1" files="2" classes="2"/>
    <file name="Lead.js" path="C:\Users\YOSI\dimmer\server\models\Lead.js">
      <metrics statements="3" coveredstatements="3" conditionals="0" coveredconditionals="0" methods="0" coveredmethods="0"/>
      <line num="1" count="1" type="stmt"/>
      <line num="3" count="1" type="stmt"/>
      <line num="42" count="1" type="stmt"/>
    </file>
    <file name="Product.js" path="C:\Users\YOSI\dimmer\server\models\Product.js">
      <metrics statements="3" coveredstatements="3" conditionals="0" coveredconditionals="0" methods="0" coveredmethods="0"/>
      <line num="1" count="1" type="stmt"/>
      <line num="3" count="1" type="stmt"/>
      <line num="43" count="1" type="stmt"/>
    </file>
  </project>
</coverage>
