{"C:\\Users\\YOSI\\dimmer\\server\\models\\Lead.js": {"path":"C:\\Users\\YOSI\\dimmer\\server\\models\\Lead.js","statementMap":{"0":{"start":{"line":1,"column":17},"end":{"line":1,"column":36}},"1":{"start":{"line":3,"column":19},"end":{"line":40,"column":2}},"2":{"start":{"line":42,"column":0},"end":{"line":42,"column":52}}},"fnMap":{},"branchMap":{},"s":{"0":1,"1":1,"2":1},"f":{},"b":{},"_coverageSchema":"1a1c01bbd47fc00a2c39e90264f33305004495a9","hash":"5d9885144ffa668d2f8ddf83be9b12a12db8244a"}
,"C:\\Users\\YOSI\\dimmer\\server\\models\\Product.js": {"path":"C:\\Users\\YOSI\\dimmer\\server\\models\\Product.js","statementMap":{"0":{"start":{"line":1,"column":17},"end":{"line":1,"column":36}},"1":{"start":{"line":3,"column":22},"end":{"line":41,"column":2}},"2":{"start":{"line":43,"column":0},"end":{"line":43,"column":58}}},"fnMap":{},"branchMap":{},"s":{"0":1,"1":1,"2":1},"f":{},"b":{},"_coverageSchema":"1a1c01bbd47fc00a2c39e90264f33305004495a9","hash":"ea72b9a66dd4a9f36f3d7901a452fc22a1b70245"}
}
